--------------------------------------------------------------------------------
SUMMARY
--------------------------------------------------------------------------------
Specified:
    2 atom types.
    2 bond types.
    2 angle types.
    2 dihedral types.
    6 atoms.
    5 bonds.

Detected:
    1 molecule.

Effectively usable:
    2 atom types.
    2 bond types.

Molecule[1]:
- Amount: 500
- Mass: 86.1780014
- Charge: 0.00000000
- Number of atoms: 6
- Atoms: CH3_alkane1 CH2_alkane2 CH2_alkane3 CH2_alkane4 CH2_alkane5 CH3_alkane6

System:
- Molecules: 500
- Total mass: 43089.0000
- Box lengths: 48.7834053 48.7834053 48.7834053
- Box density: 0.371150523
- Residual charge: 0.00000000
--------------------------------------------------------------------------------
